CRITICAL - 2024-09-10 15:11:20 --> Error: Call to undefined method CodeIgniter\View\View::StartSection()
[Method: GET, Route: /]
in APPPATH\Views\layout\mainauth.php on line 28.
 1 SYSTEMPATH\View\View.php(234): include()
 2 SYSTEMPATH\View\View.php(237): CodeIgniter\View\View->CodeIgniter\View\{closure}()
 3 SYSTEMPATH\Common.php(1171): CodeIgniter\View\View->render('layout/mainauth', [], true)
 4 APPPATH\Controllers\Home.php(9): view('layout/mainauth')
 5 SYSTEMPATH\CodeIgniter.php(933): App\Controllers\Home->index()
 6 SYSTEMPATH\CodeIgniter.php(509): CodeIgniter\CodeIgniter->runController(Object(App\Controllers\Home))
 7 SYSTEMPATH\CodeIgniter.php(355): CodeIgniter\CodeIgniter->handleRequest(null, Object(Config\Cache), false)
 8 SYSTEMPATH\Boot.php(325): CodeIgniter\CodeIgniter->run()
 9 SYSTEMPATH\Boot.php(67): CodeIgniter\Boot::runCodeIgniter(Object(CodeIgniter\CodeIgniter))
10 FCPATH\index.php(56): CodeIgniter\Boot::bootWeb(Object(Config\Paths))
11 SYSTEMPATH\rewrite.php(44): require_once('C:\\Users\\Administrator\\Documents\\pengaduanMasyarakat\\public\\index.php')
CRITICAL - 2024-09-10 15:12:34 --> Error: Call to undefined method CodeIgniter\View\View::StartSection()
[Method: GET, Route: /]
in APPPATH\Views\layout\mainauth.php on line 28.
 1 SYSTEMPATH\View\View.php(234): include()
 2 SYSTEMPATH\View\View.php(237): CodeIgniter\View\View->CodeIgniter\View\{closure}()
 3 SYSTEMPATH\Common.php(1171): CodeIgniter\View\View->render('layout/mainauth', [], true)
 4 APPPATH\Controllers\Home.php(9): view('layout/mainauth')
 5 SYSTEMPATH\CodeIgniter.php(933): App\Controllers\Home->mainauth()
 6 SYSTEMPATH\CodeIgniter.php(509): CodeIgniter\CodeIgniter->runController(Object(App\Controllers\Home))
 7 SYSTEMPATH\CodeIgniter.php(355): CodeIgniter\CodeIgniter->handleRequest(null, Object(Config\Cache), false)
 8 SYSTEMPATH\Boot.php(325): CodeIgniter\CodeIgniter->run()
 9 SYSTEMPATH\Boot.php(67): CodeIgniter\Boot::runCodeIgniter(Object(CodeIgniter\CodeIgniter))
10 FCPATH\index.php(56): CodeIgniter\Boot::bootWeb(Object(Config\Paths))
11 SYSTEMPATH\rewrite.php(44): require_once('C:\\Users\\Administrator\\Documents\\pengaduanMasyarakat\\public\\index.php')
CRITICAL - 2024-09-10 15:13:01 --> Error: Call to undefined method CodeIgniter\View\View::StartSection()
[Method: GET, Route: /]
in APPPATH\Views\layout\mainauth.php on line 28.
 1 SYSTEMPATH\View\View.php(234): include()
 2 SYSTEMPATH\View\View.php(237): CodeIgniter\View\View->CodeIgniter\View\{closure}()
 3 SYSTEMPATH\Common.php(1171): CodeIgniter\View\View->render('layout/mainauth', [], true)
 4 APPPATH\Controllers\Home.php(9): view('layout/mainauth')
 5 SYSTEMPATH\CodeIgniter.php(933): App\Controllers\Home->mainauth()
 6 SYSTEMPATH\CodeIgniter.php(509): CodeIgniter\CodeIgniter->runController(Object(App\Controllers\Home))
 7 SYSTEMPATH\CodeIgniter.php(355): CodeIgniter\CodeIgniter->handleRequest(null, Object(Config\Cache), false)
 8 SYSTEMPATH\Boot.php(325): CodeIgniter\CodeIgniter->run()
 9 SYSTEMPATH\Boot.php(67): CodeIgniter\Boot::runCodeIgniter(Object(CodeIgniter\CodeIgniter))
10 FCPATH\index.php(56): CodeIgniter\Boot::bootWeb(Object(Config\Paths))
11 SYSTEMPATH\rewrite.php(44): require_once('C:\\Users\\Administrator\\Documents\\pengaduanMasyarakat\\public\\index.php')
CRITICAL - 2024-09-10 15:14:34 --> RuntimeException: View themes, no current section.
[Method: GET, Route: /]
in SYSTEMPATH\View\View.php on line 442.
 1 APPPATH\Views\layout\mainauth.php(70): CodeIgniter\View\View->endSection()
 2 SYSTEMPATH\View\View.php(234): include('C:\\Users\\Administrator\\Documents\\pengaduanMasyarakat\\app\\Views\\layout\\mainauth.php')
 3 SYSTEMPATH\View\View.php(237): CodeIgniter\View\View->CodeIgniter\View\{closure}()
 4 SYSTEMPATH\Common.php(1171): CodeIgniter\View\View->render('layout/mainauth', [], true)
 5 APPPATH\Controllers\Home.php(9): view('layout/mainauth')
 6 SYSTEMPATH\CodeIgniter.php(933): App\Controllers\Home->mainauth()
 7 SYSTEMPATH\CodeIgniter.php(509): CodeIgniter\CodeIgniter->runController(Object(App\Controllers\Home))
 8 SYSTEMPATH\CodeIgniter.php(355): CodeIgniter\CodeIgniter->handleRequest(null, Object(Config\Cache), false)
 9 SYSTEMPATH\Boot.php(325): CodeIgniter\CodeIgniter->run()
10 SYSTEMPATH\Boot.php(67): CodeIgniter\Boot::runCodeIgniter(Object(CodeIgniter\CodeIgniter))
11 FCPATH\index.php(56): CodeIgniter\Boot::bootWeb(Object(Config\Paths))
12 SYSTEMPATH\rewrite.php(44): require_once('C:\\Users\\Administrator\\Documents\\pengaduanMasyarakat\\public\\index.php')
CRITICAL - 2024-09-10 15:21:10 --> CodeIgniter\View\Exceptions\ViewException: Invalid file: "layout/masterauth.php"
[Method: GET, Route: /]
in SYSTEMPATH\Exceptions\FrameworkException.php on line 41.
 1 SYSTEMPATH\View\View.php(222): CodeIgniter\Exceptions\FrameworkException::forInvalidFile('layout/masterauth.php')
 2 SYSTEMPATH\View\View.php(250): CodeIgniter\View\View->render('layout/masterauth', [], true)
 3 SYSTEMPATH\Common.php(1171): CodeIgniter\View\View->render('layout/mainauth', [], true)
 4 APPPATH\Controllers\Home.php(9): view('layout/mainauth')
 5 SYSTEMPATH\CodeIgniter.php(933): App\Controllers\Home->mainauth()
 6 SYSTEMPATH\CodeIgniter.php(509): CodeIgniter\CodeIgniter->runController(Object(App\Controllers\Home))
 7 SYSTEMPATH\CodeIgniter.php(355): CodeIgniter\CodeIgniter->handleRequest(null, Object(Config\Cache), false)
 8 SYSTEMPATH\Boot.php(325): CodeIgniter\CodeIgniter->run()
 9 SYSTEMPATH\Boot.php(67): CodeIgniter\Boot::runCodeIgniter(Object(CodeIgniter\CodeIgniter))
10 FCPATH\index.php(56): CodeIgniter\Boot::bootWeb(Object(Config\Paths))
11 SYSTEMPATH\rewrite.php(44): require_once('C:\\Users\\Administrator\\Documents\\pengaduanMasyarakat\\public\\index.php')
CRITICAL - 2024-09-10 15:25:34 --> ErrorException: Maximum execution time of 120 seconds exceeded
[Method: GET, Route: /]
in SYSTEMPATH\Debug\Toolbar.php on line 317.
 1 [internal function]: CodeIgniter\Debug\Exceptions->shutdownHandler()
CRITICAL - 2024-09-10 15:29:51 --> ErrorException: Maximum execution time of 60 seconds exceeded
[Method: GET, Route: /]
in SYSTEMPATH\View\View.php on line 299.
 1 [internal function]: CodeIgniter\Debug\Exceptions->shutdownHandler()
CRITICAL - 2024-09-10 15:35:58 --> ArgumentCountError: Too few arguments to function CodeIgniter\View\View::section(), 0 passed in C:\Users\Administrator\Documents\pengaduanMasyarakat\app\Views\layout\mainauth.php on line 27 and exactly 1 expected
[Method: GET, Route: /]
in SYSTEMPATH\View\View.php on line 421.
 1 APPPATH\Views\layout\mainauth.php(27): CodeIgniter\View\View->section()
 2 SYSTEMPATH\View\View.php(234): include('C:\\Users\\Administrator\\Documents\\pengaduanMasyarakat\\app\\Views\\layout\\mainauth.php')
 3 SYSTEMPATH\View\View.php(237): CodeIgniter\View\View->CodeIgniter\View\{closure}()
 4 SYSTEMPATH\Common.php(1171): CodeIgniter\View\View->render('layout/mainauth', [], true)
 5 APPPATH\Controllers\Home.php(9): view('layout/mainauth')
 6 SYSTEMPATH\CodeIgniter.php(933): App\Controllers\Home->mainauth()
 7 SYSTEMPATH\CodeIgniter.php(509): CodeIgniter\CodeIgniter->runController(Object(App\Controllers\Home))
 8 SYSTEMPATH\CodeIgniter.php(355): CodeIgniter\CodeIgniter->handleRequest(null, Object(Config\Cache), false)
 9 SYSTEMPATH\Boot.php(325): CodeIgniter\CodeIgniter->run()
10 SYSTEMPATH\Boot.php(67): CodeIgniter\Boot::runCodeIgniter(Object(CodeIgniter\CodeIgniter))
11 FCPATH\index.php(56): CodeIgniter\Boot::bootWeb(Object(Config\Paths))
12 SYSTEMPATH\rewrite.php(44): require_once('C:\\Users\\Administrator\\Documents\\pengaduanMasyarakat\\public\\index.php')
CRITICAL - 2024-09-10 15:52:46 --> Error: Call to undefined method CodeIgniter\View\View::extends()
[Method: GET, Route: forgot]
in APPPATH\Views\forgot.php on line 1.
 1 SYSTEMPATH\View\View.php(234): include()
 2 SYSTEMPATH\View\View.php(237): CodeIgniter\View\View->CodeIgniter\View\{closure}()
 3 SYSTEMPATH\Common.php(1171): CodeIgniter\View\View->render('forgot', [], true)
 4 APPPATH\Controllers\Home.php(13): view('forgot')
 5 SYSTEMPATH\CodeIgniter.php(933): App\Controllers\Home->forgot()
 6 SYSTEMPATH\CodeIgniter.php(509): CodeIgniter\CodeIgniter->runController(Object(App\Controllers\Home))
 7 SYSTEMPATH\CodeIgniter.php(355): CodeIgniter\CodeIgniter->handleRequest(null, Object(Config\Cache), false)
 8 SYSTEMPATH\Boot.php(325): CodeIgniter\CodeIgniter->run()
 9 SYSTEMPATH\Boot.php(67): CodeIgniter\Boot::runCodeIgniter(Object(CodeIgniter\CodeIgniter))
10 FCPATH\index.php(56): CodeIgniter\Boot::bootWeb(Object(Config\Paths))
11 SYSTEMPATH\rewrite.php(44): require_once('C:\\Users\\Administrator\\Documents\\pengaduanMasyarakat\\public\\index.php')
