CRITICAL - 2024-09-11 00:42:59 --> CodeIgniter\View\Exceptions\ViewException: Invalid file: "mainauth.php"
[Method: GET, Route: forgot]
in SYSTEMPATH\Exceptions\FrameworkException.php on line 41.
 1 SYSTEMPATH\View\View.php(222): CodeIgniter\Exceptions\FrameworkException::forInvalidFile('mainauth.php')
 2 SYSTEMPATH\View\View.php(250): CodeIgniter\View\View->render('mainauth', [], true)
 3 SYSTEMPATH\Common.php(1171): CodeIgniter\View\View->render('forgot', [], true)
 4 APPPATH\Controllers\Home.php(13): view('forgot')
 5 SYSTEMPATH\CodeIgniter.php(933): App\Controllers\Home->forgot()
 6 SYSTEMPATH\CodeIgniter.php(509): CodeIgniter\CodeIgniter->runController(Object(App\Controllers\Home))
 7 SYSTEMPATH\CodeIgniter.php(355): CodeIgniter\CodeIgniter->handleRequest(null, Object(Config\Cache), false)
 8 SYSTEMPATH\Boot.php(325): CodeIgniter\CodeIgniter->run()
 9 SYSTEMPATH\Boot.php(67): CodeIgniter\Boot::runCodeIgniter(Object(CodeIgniter\CodeIgniter))
10 FCPATH\index.php(56): CodeIgniter\Boot::bootWeb(Object(Config\Paths))
11 SYSTEMPATH\rewrite.php(44): require_once('C:\\Users\\Administrator\\Documents\\pengaduanMasyarakat\\public\\index.php')
CRITICAL - 2024-09-11 01:28:03 --> Error: Call to undefined method CodeIgniter\View\View::extends()
[Method: GET, Route: /]
in APPPATH\Views\login.php on line 1.
 1 SYSTEMPATH\View\View.php(234): include()
 2 SYSTEMPATH\View\View.php(237): CodeIgniter\View\View->CodeIgniter\View\{closure}()
 3 SYSTEMPATH\Common.php(1171): CodeIgniter\View\View->render('login', [], true)
 4 APPPATH\Controllers\Home.php(9): view('login')
 5 SYSTEMPATH\CodeIgniter.php(933): App\Controllers\Home->login()
 6 SYSTEMPATH\CodeIgniter.php(509): CodeIgniter\CodeIgniter->runController(Object(App\Controllers\Home))
 7 SYSTEMPATH\CodeIgniter.php(355): CodeIgniter\CodeIgniter->handleRequest(null, Object(Config\Cache), false)
 8 SYSTEMPATH\Boot.php(325): CodeIgniter\CodeIgniter->run()
 9 SYSTEMPATH\Boot.php(67): CodeIgniter\Boot::runCodeIgniter(Object(CodeIgniter\CodeIgniter))
10 FCPATH\index.php(56): CodeIgniter\Boot::bootWeb(Object(Config\Paths))
11 SYSTEMPATH\rewrite.php(44): require_once('C:\\Users\\Administrator\\Documents\\pengaduanMasyarakat\\public\\index.php')
ERROR - 2024-09-11 02:49:57 --> mysqli_sql_exception: Invalid default value for 'role' in C:\Users\Administrator\Documents\pengaduanMasyarakat\vendor\codeigniter4\framework\system\Database\MySQLi\Connection.php:312
Stack trace:
#0 C:\Users\Administrator\Documents\pengaduanMasyarakat\vendor\codeigniter4\framework\system\Database\MySQLi\Connection.php(312): mysqli->query('CREATE TABLE `u...', 0)
#1 C:\Users\Administrator\Documents\pengaduanMasyarakat\vendor\codeigniter4\framework\system\Database\BaseConnection.php(734): CodeIgniter\Database\MySQLi\Connection->execute('CREATE TABLE `u...')
#2 C:\Users\Administrator\Documents\pengaduanMasyarakat\vendor\codeigniter4\framework\system\Database\BaseConnection.php(648): CodeIgniter\Database\BaseConnection->simpleQuery('CREATE TABLE `u...')
#3 C:\Users\Administrator\Documents\pengaduanMasyarakat\vendor\codeigniter4\framework\system\Database\Forge.php(570): CodeIgniter\Database\BaseConnection->query('CREATE TABLE `u...')
#4 C:\Users\Administrator\Documents\pengaduanMasyarakat\app\Database\Migrations\2024-09-11-015117_Pengaduan.php(47): CodeIgniter\Database\Forge->createTable('users')
#5 C:\Users\Administrator\Documents\pengaduanMasyarakat\vendor\codeigniter4\framework\system\Database\MigrationRunner.php(867): App\Database\Migrations\Pengaduan->up()
#6 C:\Users\Administrator\Documents\pengaduanMasyarakat\vendor\codeigniter4\framework\system\Database\MigrationRunner.php(183): CodeIgniter\Database\MigrationRunner->migrate('up', Object(stdClass))
#7 C:\Users\Administrator\Documents\pengaduanMasyarakat\vendor\codeigniter4\framework\system\Commands\Database\Migrate.php(85): CodeIgniter\Database\MigrationRunner->latest(NULL)
#8 C:\Users\Administrator\Documents\pengaduanMasyarakat\vendor\codeigniter4\framework\system\CLI\Commands.php(70): CodeIgniter\Commands\Database\Migrate->run(Array)
#9 C:\Users\Administrator\Documents\pengaduanMasyarakat\vendor\codeigniter4\framework\system\CLI\Console.php(48): CodeIgniter\CLI\Commands->run('migrate', Array)
#10 C:\Users\Administrator\Documents\pengaduanMasyarakat\vendor\codeigniter4\framework\system\Boot.php(351): CodeIgniter\CLI\Console->run()
#11 C:\Users\Administrator\Documents\pengaduanMasyarakat\vendor\codeigniter4\framework\system\Boot.php(104): CodeIgniter\Boot::runCommand(Object(CodeIgniter\CLI\Console))
#12 C:\Users\Administrator\Documents\pengaduanMasyarakat\spark(84): CodeIgniter\Boot::bootSpark(Object(Config\Paths))
#13 {main}
ERROR - 2024-09-11 02:50:53 --> mysqli_sql_exception: Invalid default value for 'role' in C:\Users\Administrator\Documents\pengaduanMasyarakat\vendor\codeigniter4\framework\system\Database\MySQLi\Connection.php:312
Stack trace:
#0 C:\Users\Administrator\Documents\pengaduanMasyarakat\vendor\codeigniter4\framework\system\Database\MySQLi\Connection.php(312): mysqli->query('CREATE TABLE `u...', 0)
#1 C:\Users\Administrator\Documents\pengaduanMasyarakat\vendor\codeigniter4\framework\system\Database\BaseConnection.php(734): CodeIgniter\Database\MySQLi\Connection->execute('CREATE TABLE `u...')
#2 C:\Users\Administrator\Documents\pengaduanMasyarakat\vendor\codeigniter4\framework\system\Database\BaseConnection.php(648): CodeIgniter\Database\BaseConnection->simpleQuery('CREATE TABLE `u...')
#3 C:\Users\Administrator\Documents\pengaduanMasyarakat\vendor\codeigniter4\framework\system\Database\Forge.php(570): CodeIgniter\Database\BaseConnection->query('CREATE TABLE `u...')
#4 C:\Users\Administrator\Documents\pengaduanMasyarakat\app\Database\Migrations\2024-09-11-015117_Pengaduan.php(47): CodeIgniter\Database\Forge->createTable('users')
#5 C:\Users\Administrator\Documents\pengaduanMasyarakat\vendor\codeigniter4\framework\system\Database\MigrationRunner.php(867): App\Database\Migrations\Pengaduan->up()
#6 C:\Users\Administrator\Documents\pengaduanMasyarakat\vendor\codeigniter4\framework\system\Database\MigrationRunner.php(183): CodeIgniter\Database\MigrationRunner->migrate('up', Object(stdClass))
#7 C:\Users\Administrator\Documents\pengaduanMasyarakat\vendor\codeigniter4\framework\system\Commands\Database\Migrate.php(85): CodeIgniter\Database\MigrationRunner->latest(NULL)
#8 C:\Users\Administrator\Documents\pengaduanMasyarakat\vendor\codeigniter4\framework\system\CLI\Commands.php(70): CodeIgniter\Commands\Database\Migrate->run(Array)
#9 C:\Users\Administrator\Documents\pengaduanMasyarakat\vendor\codeigniter4\framework\system\CLI\Console.php(48): CodeIgniter\CLI\Commands->run('migrate', Array)
#10 C:\Users\Administrator\Documents\pengaduanMasyarakat\vendor\codeigniter4\framework\system\Boot.php(351): CodeIgniter\CLI\Console->run()
#11 C:\Users\Administrator\Documents\pengaduanMasyarakat\vendor\codeigniter4\framework\system\Boot.php(104): CodeIgniter\Boot::runCommand(Object(CodeIgniter\CLI\Console))
#12 C:\Users\Administrator\Documents\pengaduanMasyarakat\spark(84): CodeIgniter\Boot::bootSpark(Object(Config\Paths))
#13 {main}
ERROR - 2024-09-11 02:51:30 --> mysqli_sql_exception: Invalid default value for 'role' in C:\Users\Administrator\Documents\pengaduanMasyarakat\vendor\codeigniter4\framework\system\Database\MySQLi\Connection.php:312
Stack trace:
#0 C:\Users\Administrator\Documents\pengaduanMasyarakat\vendor\codeigniter4\framework\system\Database\MySQLi\Connection.php(312): mysqli->query('CREATE TABLE `u...', 0)
#1 C:\Users\Administrator\Documents\pengaduanMasyarakat\vendor\codeigniter4\framework\system\Database\BaseConnection.php(734): CodeIgniter\Database\MySQLi\Connection->execute('CREATE TABLE `u...')
#2 C:\Users\Administrator\Documents\pengaduanMasyarakat\vendor\codeigniter4\framework\system\Database\BaseConnection.php(648): CodeIgniter\Database\BaseConnection->simpleQuery('CREATE TABLE `u...')
#3 C:\Users\Administrator\Documents\pengaduanMasyarakat\vendor\codeigniter4\framework\system\Database\Forge.php(570): CodeIgniter\Database\BaseConnection->query('CREATE TABLE `u...')
#4 C:\Users\Administrator\Documents\pengaduanMasyarakat\app\Database\Migrations\2024-09-11-015117_Pengaduan.php(47): CodeIgniter\Database\Forge->createTable('users')
#5 C:\Users\Administrator\Documents\pengaduanMasyarakat\vendor\codeigniter4\framework\system\Database\MigrationRunner.php(867): App\Database\Migrations\Pengaduan->up()
#6 C:\Users\Administrator\Documents\pengaduanMasyarakat\vendor\codeigniter4\framework\system\Database\MigrationRunner.php(183): CodeIgniter\Database\MigrationRunner->migrate('up', Object(stdClass))
#7 C:\Users\Administrator\Documents\pengaduanMasyarakat\vendor\codeigniter4\framework\system\Commands\Database\Migrate.php(85): CodeIgniter\Database\MigrationRunner->latest(NULL)
#8 C:\Users\Administrator\Documents\pengaduanMasyarakat\vendor\codeigniter4\framework\system\CLI\Commands.php(70): CodeIgniter\Commands\Database\Migrate->run(Array)
#9 C:\Users\Administrator\Documents\pengaduanMasyarakat\vendor\codeigniter4\framework\system\CLI\Console.php(48): CodeIgniter\CLI\Commands->run('migrate', Array)
#10 C:\Users\Administrator\Documents\pengaduanMasyarakat\vendor\codeigniter4\framework\system\Boot.php(351): CodeIgniter\CLI\Console->run()
#11 C:\Users\Administrator\Documents\pengaduanMasyarakat\vendor\codeigniter4\framework\system\Boot.php(104): CodeIgniter\Boot::runCommand(Object(CodeIgniter\CLI\Console))
#12 C:\Users\Administrator\Documents\pengaduanMasyarakat\spark(84): CodeIgniter\Boot::bootSpark(Object(Config\Paths))
#13 {main}
ERROR - 2024-09-11 03:05:03 --> mysqli_sql_exception: Table 'masyarakat' already exists in C:\Users\Administrator\Documents\pengaduanMasyarakat\vendor\codeigniter4\framework\system\Database\MySQLi\Connection.php:312
Stack trace:
#0 C:\Users\Administrator\Documents\pengaduanMasyarakat\vendor\codeigniter4\framework\system\Database\MySQLi\Connection.php(312): mysqli->query('CREATE TABLE `m...', 0)
#1 C:\Users\Administrator\Documents\pengaduanMasyarakat\vendor\codeigniter4\framework\system\Database\BaseConnection.php(734): CodeIgniter\Database\MySQLi\Connection->execute('CREATE TABLE `m...')
#2 C:\Users\Administrator\Documents\pengaduanMasyarakat\vendor\codeigniter4\framework\system\Database\BaseConnection.php(648): CodeIgniter\Database\BaseConnection->simpleQuery('CREATE TABLE `m...')
#3 C:\Users\Administrator\Documents\pengaduanMasyarakat\vendor\codeigniter4\framework\system\Database\Forge.php(570): CodeIgniter\Database\BaseConnection->query('CREATE TABLE `m...')
#4 C:\Users\Administrator\Documents\pengaduanMasyarakat\app\Database\Migrations\2024-09-11-025637_Pengaduan.php(85): CodeIgniter\Database\Forge->createTable('masyarakat')
#5 C:\Users\Administrator\Documents\pengaduanMasyarakat\vendor\codeigniter4\framework\system\Database\MigrationRunner.php(867): App\Database\Migrations\Pengaduan->up()
#6 C:\Users\Administrator\Documents\pengaduanMasyarakat\vendor\codeigniter4\framework\system\Database\MigrationRunner.php(183): CodeIgniter\Database\MigrationRunner->migrate('up', Object(stdClass))
#7 C:\Users\Administrator\Documents\pengaduanMasyarakat\vendor\codeigniter4\framework\system\Commands\Database\Migrate.php(85): CodeIgniter\Database\MigrationRunner->latest(NULL)
#8 C:\Users\Administrator\Documents\pengaduanMasyarakat\vendor\codeigniter4\framework\system\CLI\Commands.php(70): CodeIgniter\Commands\Database\Migrate->run(Array)
#9 C:\Users\Administrator\Documents\pengaduanMasyarakat\vendor\codeigniter4\framework\system\CLI\Console.php(48): CodeIgniter\CLI\Commands->run('migrate', Array)
#10 C:\Users\Administrator\Documents\pengaduanMasyarakat\vendor\codeigniter4\framework\system\Boot.php(351): CodeIgniter\CLI\Console->run()
#11 C:\Users\Administrator\Documents\pengaduanMasyarakat\vendor\codeigniter4\framework\system\Boot.php(104): CodeIgniter\Boot::runCommand(Object(CodeIgniter\CLI\Console))
#12 C:\Users\Administrator\Documents\pengaduanMasyarakat\spark(84): CodeIgniter\Boot::bootSpark(Object(Config\Paths))
#13 {main}
ERROR - 2024-09-11 03:06:01 --> mysqli_sql_exception: Can't create table `report`.`masyarakat` (errno: 150 "Foreign key constraint is incorrectly formed") in C:\Users\Administrator\Documents\pengaduanMasyarakat\vendor\codeigniter4\framework\system\Database\MySQLi\Connection.php:312
Stack trace:
#0 C:\Users\Administrator\Documents\pengaduanMasyarakat\vendor\codeigniter4\framework\system\Database\MySQLi\Connection.php(312): mysqli->query('CREATE TABLE `m...', 0)
#1 C:\Users\Administrator\Documents\pengaduanMasyarakat\vendor\codeigniter4\framework\system\Database\BaseConnection.php(734): CodeIgniter\Database\MySQLi\Connection->execute('CREATE TABLE `m...')
#2 C:\Users\Administrator\Documents\pengaduanMasyarakat\vendor\codeigniter4\framework\system\Database\BaseConnection.php(648): CodeIgniter\Database\BaseConnection->simpleQuery('CREATE TABLE `m...')
#3 C:\Users\Administrator\Documents\pengaduanMasyarakat\vendor\codeigniter4\framework\system\Database\Forge.php(570): CodeIgniter\Database\BaseConnection->query('CREATE TABLE `m...')
#4 C:\Users\Administrator\Documents\pengaduanMasyarakat\app\Database\Migrations\2024-09-11-025637_Pengaduan.php(85): CodeIgniter\Database\Forge->createTable('masyarakat')
#5 C:\Users\Administrator\Documents\pengaduanMasyarakat\vendor\codeigniter4\framework\system\Database\MigrationRunner.php(867): App\Database\Migrations\Pengaduan->up()
#6 C:\Users\Administrator\Documents\pengaduanMasyarakat\vendor\codeigniter4\framework\system\Database\MigrationRunner.php(183): CodeIgniter\Database\MigrationRunner->migrate('up', Object(stdClass))
#7 C:\Users\Administrator\Documents\pengaduanMasyarakat\vendor\codeigniter4\framework\system\Commands\Database\Migrate.php(85): CodeIgniter\Database\MigrationRunner->latest(NULL)
#8 C:\Users\Administrator\Documents\pengaduanMasyarakat\vendor\codeigniter4\framework\system\CLI\Commands.php(70): CodeIgniter\Commands\Database\Migrate->run(Array)
#9 C:\Users\Administrator\Documents\pengaduanMasyarakat\vendor\codeigniter4\framework\system\CLI\Console.php(48): CodeIgniter\CLI\Commands->run('migrate', Array)
#10 C:\Users\Administrator\Documents\pengaduanMasyarakat\vendor\codeigniter4\framework\system\Boot.php(351): CodeIgniter\CLI\Console->run()
#11 C:\Users\Administrator\Documents\pengaduanMasyarakat\vendor\codeigniter4\framework\system\Boot.php(104): CodeIgniter\Boot::runCommand(Object(CodeIgniter\CLI\Console))
#12 C:\Users\Administrator\Documents\pengaduanMasyarakat\spark(84): CodeIgniter\Boot::bootSpark(Object(Config\Paths))
#13 {main}
ERROR - 2024-09-11 03:07:19 --> mysqli_sql_exception: Can't create table `report`.`tanggapan` (errno: 150 "Foreign key constraint is incorrectly formed") in C:\Users\Administrator\Documents\pengaduanMasyarakat\vendor\codeigniter4\framework\system\Database\MySQLi\Connection.php:312
Stack trace:
#0 C:\Users\Administrator\Documents\pengaduanMasyarakat\vendor\codeigniter4\framework\system\Database\MySQLi\Connection.php(312): mysqli->query('CREATE TABLE `t...', 0)
#1 C:\Users\Administrator\Documents\pengaduanMasyarakat\vendor\codeigniter4\framework\system\Database\BaseConnection.php(734): CodeIgniter\Database\MySQLi\Connection->execute('CREATE TABLE `t...')
#2 C:\Users\Administrator\Documents\pengaduanMasyarakat\vendor\codeigniter4\framework\system\Database\BaseConnection.php(648): CodeIgniter\Database\BaseConnection->simpleQuery('CREATE TABLE `t...')
#3 C:\Users\Administrator\Documents\pengaduanMasyarakat\vendor\codeigniter4\framework\system\Database\Forge.php(570): CodeIgniter\Database\BaseConnection->query('CREATE TABLE `t...')
#4 C:\Users\Administrator\Documents\pengaduanMasyarakat\app\Database\Migrations\2024-09-11-025637_Pengaduan.php(162): CodeIgniter\Database\Forge->createTable('tanggapan')
#5 C:\Users\Administrator\Documents\pengaduanMasyarakat\vendor\codeigniter4\framework\system\Database\MigrationRunner.php(867): App\Database\Migrations\Pengaduan->up()
#6 C:\Users\Administrator\Documents\pengaduanMasyarakat\vendor\codeigniter4\framework\system\Database\MigrationRunner.php(183): CodeIgniter\Database\MigrationRunner->migrate('up', Object(stdClass))
#7 C:\Users\Administrator\Documents\pengaduanMasyarakat\vendor\codeigniter4\framework\system\Commands\Database\Migrate.php(85): CodeIgniter\Database\MigrationRunner->latest(NULL)
#8 C:\Users\Administrator\Documents\pengaduanMasyarakat\vendor\codeigniter4\framework\system\CLI\Commands.php(70): CodeIgniter\Commands\Database\Migrate->run(Array)
#9 C:\Users\Administrator\Documents\pengaduanMasyarakat\vendor\codeigniter4\framework\system\CLI\Console.php(48): CodeIgniter\CLI\Commands->run('migrate', Array)
#10 C:\Users\Administrator\Documents\pengaduanMasyarakat\vendor\codeigniter4\framework\system\Boot.php(351): CodeIgniter\CLI\Console->run()
#11 C:\Users\Administrator\Documents\pengaduanMasyarakat\vendor\codeigniter4\framework\system\Boot.php(104): CodeIgniter\Boot::runCommand(Object(CodeIgniter\CLI\Console))
#12 C:\Users\Administrator\Documents\pengaduanMasyarakat\spark(84): CodeIgniter\Boot::bootSpark(Object(Config\Paths))
#13 {main}
ERROR - 2024-09-11 03:08:21 --> mysqli_sql_exception: Table 'users' already exists in C:\Users\Administrator\Documents\pengaduanMasyarakat\vendor\codeigniter4\framework\system\Database\MySQLi\Connection.php:312
Stack trace:
#0 C:\Users\Administrator\Documents\pengaduanMasyarakat\vendor\codeigniter4\framework\system\Database\MySQLi\Connection.php(312): mysqli->query('CREATE TABLE `u...', 0)
#1 C:\Users\Administrator\Documents\pengaduanMasyarakat\vendor\codeigniter4\framework\system\Database\BaseConnection.php(734): CodeIgniter\Database\MySQLi\Connection->execute('CREATE TABLE `u...')
#2 C:\Users\Administrator\Documents\pengaduanMasyarakat\vendor\codeigniter4\framework\system\Database\BaseConnection.php(648): CodeIgniter\Database\BaseConnection->simpleQuery('CREATE TABLE `u...')
#3 C:\Users\Administrator\Documents\pengaduanMasyarakat\vendor\codeigniter4\framework\system\Database\Forge.php(570): CodeIgniter\Database\BaseConnection->query('CREATE TABLE `u...')
#4 C:\Users\Administrator\Documents\pengaduanMasyarakat\app\Database\Migrations\2024-09-11-025637_Pengaduan.php(47): CodeIgniter\Database\Forge->createTable('users')
#5 C:\Users\Administrator\Documents\pengaduanMasyarakat\vendor\codeigniter4\framework\system\Database\MigrationRunner.php(867): App\Database\Migrations\Pengaduan->up()
#6 C:\Users\Administrator\Documents\pengaduanMasyarakat\vendor\codeigniter4\framework\system\Database\MigrationRunner.php(183): CodeIgniter\Database\MigrationRunner->migrate('up', Object(stdClass))
#7 C:\Users\Administrator\Documents\pengaduanMasyarakat\vendor\codeigniter4\framework\system\Commands\Database\Migrate.php(85): CodeIgniter\Database\MigrationRunner->latest(NULL)
#8 C:\Users\Administrator\Documents\pengaduanMasyarakat\vendor\codeigniter4\framework\system\CLI\Commands.php(70): CodeIgniter\Commands\Database\Migrate->run(Array)
#9 C:\Users\Administrator\Documents\pengaduanMasyarakat\vendor\codeigniter4\framework\system\CLI\Console.php(48): CodeIgniter\CLI\Commands->run('migrate', Array)
#10 C:\Users\Administrator\Documents\pengaduanMasyarakat\vendor\codeigniter4\framework\system\Boot.php(351): CodeIgniter\CLI\Console->run()
#11 C:\Users\Administrator\Documents\pengaduanMasyarakat\vendor\codeigniter4\framework\system\Boot.php(104): CodeIgniter\Boot::runCommand(Object(CodeIgniter\CLI\Console))
#12 C:\Users\Administrator\Documents\pengaduanMasyarakat\spark(84): CodeIgniter\Boot::bootSpark(Object(Config\Paths))
#13 {main}
